0 info it worked if it ends with ok
1 verbose cli [ '/usr/local/node/bin/node',
1 verbose cli   '/usr/local/node/bin/npm',
1 verbose cli   'install',
1 verbose cli   'multiplarty' ]
2 info using npm@1.4.14
3 info using node@v0.10.29
4 verbose readDependencies using package.json deps
5 verbose cache add [ 'multiplarty', null ]
6 verbose cache add name=undefined spec="multiplarty" args=["multiplarty",null]
7 verbose parsed url { protocol: null,
7 verbose parsed url   slashes: null,
7 verbose parsed url   auth: null,
7 verbose parsed url   host: null,
7 verbose parsed url   port: null,
7 verbose parsed url   hostname: null,
7 verbose parsed url   hash: null,
7 verbose parsed url   search: null,
7 verbose parsed url   query: null,
7 verbose parsed url   pathname: 'multiplarty',
7 verbose parsed url   path: 'multiplarty',
7 verbose parsed url   href: 'multiplarty' }
8 silly lockFile a0ae0407-multiplarty multiplarty
9 verbose lock multiplarty /home/nss/.npm/a0ae0407-multiplarty.lock
10 silly lockFile a0ae0407-multiplarty multiplarty
11 silly lockFile a0ae0407-multiplarty multiplarty
12 verbose addNamed [ 'multiplarty', '' ]
13 verbose addNamed [ null, '*' ]
14 silly lockFile e890d879-multiplarty multiplarty@
15 verbose lock multiplarty@ /home/nss/.npm/e890d879-multiplarty.lock
16 silly addNameRange { name: 'multiplarty', range: '*', hasData: false }
17 verbose url raw multiplarty
18 verbose url resolving [ 'https://registry.npmjs.org/', './multiplarty' ]
19 verbose url resolved https://registry.npmjs.org/multiplarty
20 info trying registry request attempt 1 at 14:24:48
21 http GET https://registry.npmjs.org/multiplarty
22 http 404 https://registry.npmjs.org/multiplarty
23 verbose headers { date: 'Tue, 19 Aug 2014 20:24:52 GMT',
23 verbose headers   server: 'CouchDB/1.5.0 (Erlang OTP/R16B03)',
23 verbose headers   'content-type': 'application/json',
23 verbose headers   'cache-control': 'max-age=0',
23 verbose headers   'content-length': '52',
23 verbose headers   'accept-ranges': 'bytes',
23 verbose headers   via: '1.1 varnish',
23 verbose headers   age: '0',
23 verbose headers   'x-served-by': 'cache-jfk1027-JFK',
23 verbose headers   'x-cache': 'MISS',
23 verbose headers   'x-cache-hits': '0',
23 verbose headers   'x-timer': 'S1408479892.125578,VS0,VE353',
23 verbose headers   'keep-alive': 'timeout=10, max=50',
23 verbose headers   connection: 'Keep-Alive' }
24 silly registry.get cb [ 404,
24 silly registry.get   { date: 'Tue, 19 Aug 2014 20:24:52 GMT',
24 silly registry.get     server: 'CouchDB/1.5.0 (Erlang OTP/R16B03)',
24 silly registry.get     'content-type': 'application/json',
24 silly registry.get     'cache-control': 'max-age=0',
24 silly registry.get     'content-length': '52',
24 silly registry.get     'accept-ranges': 'bytes',
24 silly registry.get     via: '1.1 varnish',
24 silly registry.get     age: '0',
24 silly registry.get     'x-served-by': 'cache-jfk1027-JFK',
24 silly registry.get     'x-cache': 'MISS',
24 silly registry.get     'x-cache-hits': '0',
24 silly registry.get     'x-timer': 'S1408479892.125578,VS0,VE353',
24 silly registry.get     'keep-alive': 'timeout=10, max=50',
24 silly registry.get     connection: 'Keep-Alive' } ]
25 silly lockFile e890d879-multiplarty multiplarty@
26 silly lockFile e890d879-multiplarty multiplarty@
27 error 404 404 Not Found: multiplarty
27 error 404
27 error 404 'multiplarty' is not in the npm registry.
27 error 404 You should bug the author to publish it
27 error 404 It was specified as a dependency of 'worldTraveler'
27 error 404
27 error 404 Note that you can also install from a
27 error 404 tarball, folder, or http url, or git url.
28 error System Linux 3.13.0-24-generic
29 error command "/usr/local/node/bin/node" "/usr/local/node/bin/npm" "install" "multiplarty"
30 error cwd /home/nss/apps/code/worldTraveler
31 error node -v v0.10.29
32 error npm -v 1.4.14
33 error code E404
34 verbose exit [ 1, true ]
